
Examples labeled as album classified by model as album: 30 times
Examples labeled as album classified by model as artist: 1 times
Examples labeled as album classified by model as musicalArtist: 1 times
Examples labeled as album classified by model as previousWork: 6 times
Examples labeled as album classified by model as subsequentWork: 8 times
Examples labeled as artist classified by model as artist: 276 times
Examples labeled as artist classified by model as channel: 1 times
Examples labeled as artist classified by model as composer: 4 times
Examples labeled as artist classified by model as currentMember: 1 times
Examples labeled as artist classified by model as genre: 2 times
Examples labeled as artist classified by model as keyPerson: 1 times
Examples labeled as artist classified by model as musicalArtist: 36 times
Examples labeled as artist classified by model as musicalBand: 1 times
Examples labeled as artist classified by model as previousWork: 1 times
Examples labeled as artist classified by model as producer: 1 times
Examples labeled as artist classified by model as starring: 2 times
Examples labeled as artist classified by model as writer: 5 times
Examples labeled as associatedAct classified by model as artist: 1 times
Examples labeled as associatedAct classified by model as associatedAct: 25 times
Examples labeled as associatedAct classified by model as currentMember: 10 times
Examples labeled as associatedAct classified by model as musicalBand: 1 times
Examples labeled as associatedAct classified by model as predecessor: 1 times
Examples labeled as associatedAct classified by model as spouse: 1 times
Examples labeled as associatedAct classified by model as successor: 1 times
Examples labeled as author classified by model as author: 487 times
Examples labeled as author classified by model as basedOn: 4 times
Examples labeled as author classified by model as channel: 2 times
Examples labeled as author classified by model as director: 15 times
Examples labeled as author classified by model as family: 1 times
Examples labeled as author classified by model as influenced: 2 times
Examples labeled as author classified by model as leaderName: 1 times
Examples labeled as author classified by model as notableWork: 3 times
Examples labeled as author classified by model as party: 1 times
Examples labeled as author classified by model as relative: 2 times
Examples labeled as author classified by model as spouse: 1 times
Examples labeled as author classified by model as starring: 4 times
Examples labeled as author classified by model as writer: 1 times
Examples labeled as award classified by model as award: 166 times
Examples labeled as award classified by model as birthPlace: 5 times
Examples labeled as award classified by model as knownFor: 1 times
Examples labeled as award classified by model as notableWork: 1 times
Examples labeled as basedOn classified by model as author: 4 times
Examples labeled as basedOn classified by model as basedOn: 4 times
Examples labeled as basedOn classified by model as director: 4 times
Examples labeled as basedOn classified by model as knownFor: 1 times
Examples labeled as basedOn classified by model as notableWork: 1 times
Examples labeled as basedOn classified by model as previousWork: 1 times
Examples labeled as basedOn classified by model as subsequentWork: 1 times
Examples labeled as basedOn classified by model as writer: 1 times
Examples labeled as battle classified by model as battle: 273 times
Examples labeled as battle classified by model as capital: 1 times
Examples labeled as battle classified by model as commander: 6 times
Examples labeled as battle classified by model as knownFor: 1 times
Examples labeled as battle classified by model as leaderName: 2 times
Examples labeled as battle classified by model as successor: 2 times
Examples labeled as birthPlace classified by model as birthPlace: 195 times
Examples labeled as birthPlace classified by model as capital: 7 times
Examples labeled as birthPlace classified by model as commander: 2 times
Examples labeled as birthPlace classified by model as country: 55 times
Examples labeled as birthPlace classified by model as currentMember: 1 times
Examples labeled as birthPlace classified by model as deathPlace: 102 times
Examples labeled as birthPlace classified by model as department: 1 times
Examples labeled as birthPlace classified by model as education: 2 times
Examples labeled as birthPlace classified by model as ground: 1 times
Examples labeled as birthPlace classified by model as headquarter: 1 times
Examples labeled as birthPlace classified by model as influenced: 1 times
Examples labeled as birthPlace classified by model as locatedInArea: 1 times
Examples labeled as birthPlace classified by model as location: 2 times
Examples labeled as birthPlace classified by model as nationality: 2 times
Examples labeled as birthPlace classified by model as order: 1 times
Examples labeled as birthPlace classified by model as parent: 3 times
Examples labeled as birthPlace classified by model as product: 1 times
Examples labeled as birthPlace classified by model as relative: 4 times
Examples labeled as birthPlace classified by model as restingPlace: 7 times
Examples labeled as capital classified by model as capital: 452 times
Examples labeled as capital classified by model as country: 1 times
Examples labeled as capital classified by model as department: 6 times
Examples labeled as capital classified by model as largestCity: 25 times
Examples labeled as capital classified by model as leaderName: 1 times
Examples labeled as channel classified by model as channel: 941 times
Examples labeled as channel classified by model as genre: 1 times
Examples labeled as channel classified by model as starring: 3 times
Examples labeled as child classified by model as child: 105 times
Examples labeled as child classified by model as director: 1 times
Examples labeled as child classified by model as education: 1 times
Examples labeled as child classified by model as keyPerson: 2 times
Examples labeled as child classified by model as leaderName: 2 times
Examples labeled as child classified by model as opponent: 6 times
Examples labeled as child classified by model as parent: 25 times
Examples labeled as child classified by model as predecessor: 6 times
Examples labeled as child classified by model as relative: 77 times
Examples labeled as child classified by model as spouse: 44 times
Examples labeled as child classified by model as successor: 86 times
Examples labeled as city classified by model as capital: 16 times
Examples labeled as city classified by model as city: 904 times
Examples labeled as city classified by model as country: 32 times
Examples labeled as city classified by model as headquarter: 1 times
Examples labeled as city classified by model as knownFor: 2 times
Examples labeled as city classified by model as largestCity: 6 times
Examples labeled as city classified by model as locatedInArea: 5 times
Examples labeled as city classified by model as location: 41 times
Examples labeled as city classified by model as owner: 5 times
Examples labeled as city classified by model as region: 10 times
Examples labeled as city classified by model as restingPlace: 1 times
Examples labeled as city classified by model as routeEnd: 86 times
Examples labeled as city classified by model as routeStart: 2 times
Examples labeled as city classified by model as sourceMountain: 5 times
Examples labeled as city classified by model as sourcePlace: 12 times
Examples labeled as city classified by model as tenant: 1 times
Examples labeled as class classified by model as class: 974 times
Examples labeled as class classified by model as commander: 1 times
Examples labeled as class classified by model as family: 5 times
Examples labeled as class classified by model as kingdom: 1 times
Examples labeled as class classified by model as manufacturer: 2 times
Examples labeled as class classified by model as order: 78 times
Examples labeled as class classified by model as phylum: 42 times
Examples labeled as class classified by model as product: 2 times
Examples labeled as class classified by model as type: 1 times
Examples labeled as club classified by model as club: 123 times
Examples labeled as colour classified by model as colour: 2 times
Examples labeled as colour classified by model as kingdom: 5 times
Examples labeled as commandStructure classified by model as commandStructure: 29 times
Examples labeled as commandStructure classified by model as commander: 1 times
Examples labeled as commandStructure classified by model as country: 1 times
Examples labeled as commandStructure classified by model as successor: 1 times
Examples labeled as commander classified by model as author: 1 times
Examples labeled as commander classified by model as city: 1 times
Examples labeled as commander classified by model as commandStructure: 2 times
Examples labeled as commander classified by model as commander: 822 times
Examples labeled as commander classified by model as country: 1 times
Examples labeled as commander classified by model as leaderName: 4 times
Examples labeled as commander classified by model as opponent: 10 times
Examples labeled as commander classified by model as parent: 1 times
Examples labeled as commander classified by model as party: 1 times
Examples labeled as commander classified by model as successor: 4 times
Examples labeled as composer classified by model as composer: 6 times
Examples labeled as composer classified by model as country: 1 times
Examples labeled as composer classified by model as writer: 2 times
Examples labeled as computingPlatform classified by model as computingPlatform: 29 times
Examples labeled as computingPlatform classified by model as developer: 1 times
Examples labeled as computingPlatform classified by model as genre: 1 times
Examples labeled as computingPlatform classified by model as knownFor: 1 times
Examples labeled as computingPlatform classified by model as manufacturer: 2 times
Examples labeled as computingPlatform classified by model as operatingSystem: 5 times
Examples labeled as computingPlatform classified by model as predecessor: 1 times
Examples labeled as computingPlatform classified by model as product: 3 times
Examples labeled as computingPlatform classified by model as successor: 5 times
Examples labeled as computingPlatform classified by model as type: 3 times
Examples labeled as country classified by model as author: 2 times
Examples labeled as country classified by model as battle: 7 times
Examples labeled as country classified by model as birthPlace: 24 times
Examples labeled as country classified by model as capital: 1 times
Examples labeled as country classified by model as channel: 2 times
Examples labeled as country classified by model as city: 1 times
Examples labeled as country classified by model as commandStructure: 3 times
Examples labeled as country classified by model as country: 13281 times
Examples labeled as country classified by model as deathPlace: 30 times
Examples labeled as country classified by model as department: 56 times
Examples labeled as country classified by model as garrison: 3 times
Examples labeled as country classified by model as ground: 7 times
Examples labeled as country classified by model as headquarter: 28 times
Examples labeled as country classified by model as isPartOfMilitaryConflict: 1 times
Examples labeled as country classified by model as largestCity: 17 times
Examples labeled as country classified by model as leaderName: 2 times
Examples labeled as country classified by model as locatedInArea: 3 times
Examples labeled as country classified by model as location: 17 times
Examples labeled as country classified by model as nationality: 2 times
Examples labeled as country classified by model as officialLanguage: 1 times
Examples labeled as country classified by model as order: 1 times
Examples labeled as country classified by model as place: 7 times
Examples labeled as country classified by model as populationPlace: 2 times
Examples labeled as country classified by model as product: 1 times
Examples labeled as country classified by model as recordedIn: 1 times
Examples labeled as country classified by model as region: 9 times
Examples labeled as country classified by model as related: 1 times
Examples labeled as country classified by model as restingPlace: 11 times
Examples labeled as creativeDirector classified by model as channel: 17 times
Examples labeled as creativeDirector classified by model as starring: 1 times
Examples labeled as currentMember classified by model as artist: 1 times
Examples labeled as currentMember classified by model as currentMember: 302 times
Examples labeled as currentMember classified by model as instrument: 2 times
Examples labeled as currentMember classified by model as musicalArtist: 1 times
Examples labeled as currentMember classified by model as spouse: 2 times
Examples labeled as currentMember classified by model as starring: 3 times
Examples labeled as deathPlace classified by model as battle: 2 times
Examples labeled as deathPlace classified by model as birthPlace: 8 times
Examples labeled as deathPlace classified by model as capital: 2 times
Examples labeled as deathPlace classified by model as city: 1 times
Examples labeled as deathPlace classified by model as commander: 1 times
Examples labeled as deathPlace classified by model as country: 9 times
Examples labeled as deathPlace classified by model as deathPlace: 9 times
Examples labeled as deathPlace classified by model as headquarter: 1 times
Examples labeled as deathPlace classified by model as nationality: 1 times
Examples labeled as deathPlace classified by model as opponent: 3 times
Examples labeled as deathPlace classified by model as relative: 1 times
Examples labeled as deathPlace classified by model as restingPlace: 1 times
Examples labeled as deathPlace classified by model as successor: 1 times
Examples labeled as department classified by model as capital: 1 times
Examples labeled as department classified by model as country: 2 times
Examples labeled as department classified by model as department: 45 times
Examples labeled as department classified by model as league: 1 times
Examples labeled as department classified by model as location: 1 times
Examples labeled as department classified by model as region: 5 times
Examples labeled as developer classified by model as author: 1 times
Examples labeled as developer classified by model as developer: 163 times
Examples labeled as developer classified by model as director: 2 times
Examples labeled as developer classified by model as genre: 1 times
Examples labeled as developer classified by model as owner: 1 times
Examples labeled as developer classified by model as parentCompany: 1 times
Examples labeled as developer classified by model as product: 5 times
Examples labeled as developer classified by model as publisher: 1 times
Examples labeled as developer classified by model as type: 1 times
Examples labeled as director classified by model as author: 1 times
Examples labeled as director classified by model as channel: 1 times
Examples labeled as director classified by model as developer: 1 times
Examples labeled as director classified by model as director: 190 times
Examples labeled as director classified by model as occupation: 1 times
Examples labeled as director classified by model as related: 1 times
Examples labeled as director classified by model as starring: 10 times
Examples labeled as director classified by model as writer: 5 times
Examples labeled as distributor classified by model as author: 2 times
Examples labeled as distributor classified by model as basedOn: 1 times
Examples labeled as distributor classified by model as channel: 5 times
Examples labeled as distributor classified by model as developer: 3 times
Examples labeled as distributor classified by model as director: 7 times
Examples labeled as distributor classified by model as distributor: 10 times
Examples labeled as distributor classified by model as manufacturer: 2 times
Examples labeled as distributor classified by model as producer: 1 times
Examples labeled as distributor classified by model as product: 1 times
Examples labeled as distributor classified by model as publisher: 2 times
Examples labeled as distributor classified by model as starring: 1 times
Examples labeled as distributor classified by model as type: 1 times
Examples labeled as division classified by model as division: 22 times
Examples labeled as division classified by model as order: 1 times
Examples labeled as division classified by model as parentCompany: 4 times
Examples labeled as division classified by model as phylum: 31 times
Examples labeled as division classified by model as product: 6 times
Examples labeled as division classified by model as publisher: 1 times
Examples labeled as education classified by model as birthPlace: 1 times
Examples labeled as education classified by model as country: 2 times
Examples labeled as education classified by model as deathPlace: 2 times
Examples labeled as education classified by model as education: 16 times
Examples labeled as education classified by model as genre: 1 times
Examples labeled as education classified by model as relative: 3 times
Examples labeled as education classified by model as spouse: 1 times
Examples labeled as family classified by model as division: 1 times
Examples labeled as family classified by model as family: 151 times
Examples labeled as family classified by model as genus: 1 times
Examples labeled as family classified by model as knownFor: 1 times
Examples labeled as family classified by model as order: 42 times
Examples labeled as field classified by model as field: 33 times
Examples labeled as field classified by model as genre: 3 times
Examples labeled as field classified by model as influenced: 1 times
Examples labeled as field classified by model as influencedBy: 1 times
Examples labeled as field classified by model as knownFor: 4 times
Examples labeled as foundedBy classified by model as author: 4 times
Examples labeled as foundedBy classified by model as country: 1 times
Examples labeled as foundedBy classified by model as currentMember: 1 times
Examples labeled as foundedBy classified by model as foundedBy: 21 times
Examples labeled as foundedBy classified by model as keyPerson: 26 times
Examples labeled as foundedBy classified by model as location: 1 times
Examples labeled as foundedBy classified by model as product: 2 times
Examples labeled as garrison classified by model as battle: 1 times
Examples labeled as garrison classified by model as capital: 2 times
Examples labeled as garrison classified by model as city: 1 times
Examples labeled as garrison classified by model as commandStructure: 7 times
Examples labeled as garrison classified by model as commander: 2 times
Examples labeled as garrison classified by model as country: 6 times
Examples labeled as garrison classified by model as garrison: 46 times
Examples labeled as garrison classified by model as location: 5 times
Examples labeled as garrison classified by model as place: 1 times
Examples labeled as garrison classified by model as region: 1 times
Examples labeled as genre classified by model as artist: 5 times
Examples labeled as genre classified by model as author: 2 times
Examples labeled as genre classified by model as birthPlace: 1 times
Examples labeled as genre classified by model as channel: 5 times
Examples labeled as genre classified by model as country: 1 times
Examples labeled as genre classified by model as currentMember: 2 times
Examples labeled as genre classified by model as developer: 3 times
Examples labeled as genre classified by model as field: 1 times
Examples labeled as genre classified by model as genre: 507 times
Examples labeled as genre classified by model as influencedBy: 1 times
Examples labeled as genre classified by model as knownFor: 2 times
Examples labeled as genre classified by model as notableWork: 7 times
Examples labeled as genre classified by model as occupation: 1 times
Examples labeled as genre classified by model as previousWork: 1 times
Examples labeled as genre classified by model as product: 6 times
Examples labeled as genre classified by model as publisher: 4 times
Examples labeled as genre classified by model as recordLabel: 1 times
Examples labeled as genre classified by model as subsequentWork: 1 times
Examples labeled as genre classified by model as type: 16 times
Examples labeled as genus classified by model as family: 16 times
Examples labeled as genus classified by model as genus: 4 times
Examples labeled as genus classified by model as order: 13 times
Examples labeled as ground classified by model as birthPlace: 2 times
Examples labeled as ground classified by model as city: 1 times
Examples labeled as ground classified by model as country: 21 times
Examples labeled as ground classified by model as ground: 418 times
Examples labeled as ground classified by model as league: 3 times
Examples labeled as ground classified by model as location: 6 times
Examples labeled as ground classified by model as tenant: 1 times
Examples labeled as headquarter classified by model as capital: 3 times
Examples labeled as headquarter classified by model as city: 5 times
Examples labeled as headquarter classified by model as commander: 3 times
Examples labeled as headquarter classified by model as country: 56 times
Examples labeled as headquarter classified by model as headquarter: 191 times
Examples labeled as headquarter classified by model as hubAirport: 2 times
Examples labeled as headquarter classified by model as location: 23 times
Examples labeled as headquarter classified by model as region: 1 times
Examples labeled as hubAirport classified by model as hubAirport: 11 times
Examples labeled as hubAirport classified by model as location: 1 times
Examples labeled as ideology classified by model as headquarter: 3 times
Examples labeled as ideology classified by model as ideology: 70 times
Examples labeled as ideology classified by model as order: 1 times
Examples labeled as ideology classified by model as party: 1 times
Examples labeled as industry classified by model as country: 2 times
Examples labeled as industry classified by model as field: 2 times
Examples labeled as industry classified by model as genre: 1 times
Examples labeled as industry classified by model as industry: 43 times
Examples labeled as industry classified by model as keyPerson: 1 times
Examples labeled as industry classified by model as location: 3 times
Examples labeled as industry classified by model as occupation: 1 times
Examples labeled as industry classified by model as product: 46 times
Examples labeled as industry classified by model as type: 4 times
Examples labeled as influenced classified by model as author: 2 times
Examples labeled as influenced classified by model as country: 1 times
Examples labeled as influenced classified by model as influenced: 21 times
Examples labeled as influenced classified by model as influencedBy: 4 times
Examples labeled as influenced classified by model as knownFor: 4 times
Examples labeled as influenced classified by model as relative: 4 times
Examples labeled as influenced classified by model as religion: 1 times
Examples labeled as influenced classified by model as spouse: 4 times
Examples labeled as influencedBy classified by model as author: 3 times
Examples labeled as influencedBy classified by model as influenced: 7 times
Examples labeled as influencedBy classified by model as influencedBy: 29 times
Examples labeled as influencedBy classified by model as knownFor: 3 times
Examples labeled as influencedBy classified by model as party: 1 times
Examples labeled as influencedBy classified by model as relative: 1 times
Examples labeled as influencedBy classified by model as spouse: 3 times
Examples labeled as influencedBy classified by model as successor: 1 times
Examples labeled as instrument classified by model as genre: 3 times
Examples labeled as instrument classified by model as instrument: 28 times
Examples labeled as instrument classified by model as spouse: 1 times
Examples labeled as isPartOfMilitaryConflict classified by model as battle: 85 times
Examples labeled as isPartOfMilitaryConflict classified by model as birthPlace: 1 times
Examples labeled as isPartOfMilitaryConflict classified by model as capital: 1 times
Examples labeled as isPartOfMilitaryConflict classified by model as commander: 28 times
Examples labeled as isPartOfMilitaryConflict classified by model as isPartOfMilitaryConflict: 140 times
Examples labeled as isPartOfMilitaryConflict classified by model as place: 2 times
Examples labeled as keyPerson classified by model as author: 1 times
Examples labeled as keyPerson classified by model as child: 3 times
Examples labeled as keyPerson classified by model as currentMember: 1 times
Examples labeled as keyPerson classified by model as foundedBy: 2 times
Examples labeled as keyPerson classified by model as keyPerson: 78 times
Examples labeled as keyPerson classified by model as league: 1 times
Examples labeled as keyPerson classified by model as location: 1 times
Examples labeled as keyPerson classified by model as parentCompany: 1 times
Examples labeled as keyPerson classified by model as product: 2 times
Examples labeled as kingdom classified by model as class: 1 times
Examples labeled as kingdom classified by model as kingdom: 63 times
Examples labeled as kingdom classified by model as order: 1 times
Examples labeled as kingdom classified by model as phylum: 4 times
Examples labeled as knownFor classified by model as author: 2 times
Examples labeled as knownFor classified by model as award: 5 times
Examples labeled as knownFor classified by model as battle: 1 times
Examples labeled as knownFor classified by model as birthPlace: 2 times
Examples labeled as knownFor classified by model as commander: 1 times
Examples labeled as knownFor classified by model as country: 2 times
Examples labeled as knownFor classified by model as currentMember: 1 times
Examples labeled as knownFor classified by model as deathPlace: 1 times
Examples labeled as knownFor classified by model as developer: 2 times
Examples labeled as knownFor classified by model as director: 1 times
Examples labeled as knownFor classified by model as field: 9 times
Examples labeled as knownFor classified by model as genre: 1 times
Examples labeled as knownFor classified by model as ideology: 1 times
Examples labeled as knownFor classified by model as influenced: 4 times
Examples labeled as knownFor classified by model as influencedBy: 1 times
Examples labeled as knownFor classified by model as knownFor: 358 times
Examples labeled as knownFor classified by model as manufacturer: 2 times
Examples labeled as knownFor classified by model as notableWork: 34 times
Examples labeled as knownFor classified by model as occupation: 1 times
Examples labeled as knownFor classified by model as operatingSystem: 1 times
Examples labeled as knownFor classified by model as owner: 2 times
Examples labeled as knownFor classified by model as parent: 1 times
Examples labeled as knownFor classified by model as party: 2 times
Examples labeled as knownFor classified by model as place: 1 times
Examples labeled as knownFor classified by model as predecessor: 2 times
Examples labeled as knownFor classified by model as previousWork: 2 times
Examples labeled as knownFor classified by model as product: 4 times
Examples labeled as knownFor classified by model as religion: 7 times
Examples labeled as knownFor classified by model as spouse: 5 times
Examples labeled as knownFor classified by model as type: 1 times
Examples labeled as language classified by model as country: 1 times
Examples labeled as language classified by model as genre: 1 times
Examples labeled as language classified by model as knownFor: 1 times
Examples labeled as language classified by model as language: 149 times
Examples labeled as language classified by model as languageFamily: 1 times
Examples labeled as language classified by model as officialLanguage: 210 times
Examples labeled as language classified by model as populationPlace: 3 times
Examples labeled as language classified by model as related: 1 times
Examples labeled as languageFamily classified by model as family: 1 times
Examples labeled as languageFamily classified by model as language: 1 times
Examples labeled as languageFamily classified by model as languageFamily: 105 times
Examples labeled as languageFamily classified by model as officialLanguage: 1 times
Examples labeled as languageFamily classified by model as order: 2 times
Examples labeled as languageFamily classified by model as region: 1 times
Examples labeled as largestCity classified by model as capital: 11 times
Examples labeled as largestCity classified by model as largestCity: 6 times
Examples labeled as largestCity classified by model as region: 2 times
Examples labeled as leaderName classified by model as capital: 3 times
Examples labeled as leaderName classified by model as commander: 17 times
Examples labeled as leaderName classified by model as country: 1 times
Examples labeled as leaderName classified by model as leaderName: 394 times
Examples labeled as leaderName classified by model as predecessor: 5 times
Examples labeled as leaderName classified by model as successor: 4 times
Examples labeled as league classified by model as club: 2 times
Examples labeled as league classified by model as ground: 10 times
Examples labeled as league classified by model as league: 975 times
Examples labeled as league classified by model as managerClub: 2 times
Examples labeled as league classified by model as owner: 2 times
Examples labeled as league classified by model as position: 262 times
Examples labeled as league classified by model as predecessor: 1 times
Examples labeled as league classified by model as tenant: 3 times
Examples labeled as locatedInArea classified by model as capital: 2 times
Examples labeled as locatedInArea classified by model as city: 8 times
Examples labeled as locatedInArea classified by model as commander: 1 times
Examples labeled as locatedInArea classified by model as country: 168 times
Examples labeled as locatedInArea classified by model as family: 1 times
Examples labeled as locatedInArea classified by model as locatedInArea: 242 times
Examples labeled as locatedInArea classified by model as location: 19 times
Examples labeled as locatedInArea classified by model as order: 1 times
Examples labeled as locatedInArea classified by model as region: 21 times
Examples labeled as locatedInArea classified by model as routeEnd: 5 times
Examples labeled as locatedInArea classified by model as sourceMountain: 1 times
Examples labeled as locatedInArea classified by model as sourcePlace: 1 times
Examples labeled as location classified by model as battle: 1 times
Examples labeled as location classified by model as birthPlace: 4 times
Examples labeled as location classified by model as capital: 11 times
Examples labeled as location classified by model as city: 26 times
Examples labeled as location classified by model as country: 312 times
Examples labeled as location classified by model as deathPlace: 2 times
Examples labeled as location classified by model as department: 1 times
Examples labeled as location classified by model as division: 1 times
Examples labeled as location classified by model as garrison: 4 times
Examples labeled as location classified by model as ground: 8 times
Examples labeled as location classified by model as headquarter: 8 times
Examples labeled as location classified by model as isPartOfMilitaryConflict: 1 times
Examples labeled as location classified by model as knownFor: 2 times
Examples labeled as location classified by model as largestCity: 4 times
Examples labeled as location classified by model as locatedInArea: 36 times
Examples labeled as location classified by model as location: 1389 times
Examples labeled as location classified by model as owner: 7 times
Examples labeled as location classified by model as place: 3 times
Examples labeled as location classified by model as product: 1 times
Examples labeled as location classified by model as region: 21 times
Examples labeled as location classified by model as restingPlace: 1 times
Examples labeled as location classified by model as routeEnd: 881 times
Examples labeled as location classified by model as routeStart: 1 times
Examples labeled as location classified by model as tenant: 4 times
Examples labeled as managerClub classified by model as club: 23 times
Examples labeled as managerClub classified by model as education: 1 times
Examples labeled as managerClub classified by model as managerClub: 186 times
Examples labeled as managerClub classified by model as nationalTeam: 4 times
Examples labeled as manufacturer classified by model as country: 1 times
Examples labeled as manufacturer classified by model as developer: 9 times
Examples labeled as manufacturer classified by model as manufacturer: 177 times
Examples labeled as manufacturer classified by model as order: 1 times
Examples labeled as manufacturer classified by model as predecessor: 4 times
Examples labeled as manufacturer classified by model as product: 4 times
Examples labeled as manufacturer classified by model as successor: 3 times
Examples labeled as manufacturer classified by model as type: 1 times
Examples labeled as musicalArtist classified by model as artist: 11 times
Examples labeled as musicalArtist classified by model as composer: 16 times
Examples labeled as musicalArtist classified by model as country: 1 times
Examples labeled as musicalArtist classified by model as currentMember: 1 times
Examples labeled as musicalArtist classified by model as musicalArtist: 187 times
Examples labeled as musicalArtist classified by model as musicalBand: 14 times
Examples labeled as musicalArtist classified by model as starring: 4 times
Examples labeled as musicalArtist classified by model as successor: 1 times
Examples labeled as musicalArtist classified by model as writer: 5 times
Examples labeled as musicalBand classified by model as musicalBand: 1 times
Examples labeled as nationalTeam classified by model as birthPlace: 2 times
Examples labeled as nationalTeam classified by model as club: 4 times
Examples labeled as nationalTeam classified by model as country: 1 times
Examples labeled as nationalTeam classified by model as managerClub: 1 times
Examples labeled as nationalTeam classified by model as nationalTeam: 66 times
Examples labeled as nationalTeam classified by model as team: 1 times
Examples labeled as nationality classified by model as battle: 3 times
Examples labeled as nationality classified by model as birthPlace: 165 times
Examples labeled as nationality classified by model as country: 191 times
Examples labeled as nationality classified by model as deathPlace: 31 times
Examples labeled as nationality classified by model as field: 4 times
Examples labeled as nationality classified by model as headquarter: 1 times
Examples labeled as nationality classified by model as nationality: 113 times
Examples labeled as nationality classified by model as parent: 1 times
Examples labeled as nationality classified by model as place: 2 times
Examples labeled as nationality classified by model as populationPlace: 1 times
Examples labeled as nationality classified by model as relative: 1 times
Examples labeled as nationality classified by model as restingPlace: 3 times
Examples labeled as nationality classified by model as successor: 1 times
Examples labeled as notableWork classified by model as director: 1 times
Examples labeled as notableWork classified by model as knownFor: 3 times
Examples labeled as notableWork classified by model as notableWork: 338 times
Examples labeled as notableWork classified by model as previousWork: 1 times
Examples labeled as notableWork classified by model as product: 2 times
Examples labeled as notableWork classified by model as spouse: 1 times
Examples labeled as occupation classified by model as battle: 1 times
Examples labeled as occupation classified by model as birthPlace: 6 times
Examples labeled as occupation classified by model as country: 9 times
Examples labeled as occupation classified by model as deathPlace: 1 times
Examples labeled as occupation classified by model as director: 1 times
Examples labeled as occupation classified by model as education: 2 times
Examples labeled as occupation classified by model as field: 5 times
Examples labeled as occupation classified by model as genre: 11 times
Examples labeled as occupation classified by model as influencedBy: 2 times
Examples labeled as occupation classified by model as instrument: 2 times
Examples labeled as occupation classified by model as knownFor: 6 times
Examples labeled as occupation classified by model as manufacturer: 1 times
Examples labeled as occupation classified by model as occupation: 287 times
Examples labeled as occupation classified by model as parentCompany: 4 times
Examples labeled as occupation classified by model as party: 1 times
Examples labeled as occupation classified by model as predecessor: 2 times
Examples labeled as occupation classified by model as product: 1 times
Examples labeled as occupation classified by model as relative: 2 times
Examples labeled as occupation classified by model as religion: 4 times
Examples labeled as occupation classified by model as spouse: 1 times
Examples labeled as occupation classified by model as successor: 3 times
Examples labeled as officialLanguage classified by model as officialLanguage: 9 times
Examples labeled as operatingSystem classified by model as developer: 3 times
Examples labeled as operatingSystem classified by model as operatingSystem: 29 times
Examples labeled as operator classified by model as country: 2 times
Examples labeled as operator classified by model as location: 5 times
Examples labeled as operator classified by model as manufacturer: 1 times
Examples labeled as operator classified by model as operator: 39 times
Examples labeled as operator classified by model as owner: 20 times
Examples labeled as operator classified by model as owningOrganisation: 3 times
Examples labeled as operator classified by model as routeEnd: 5 times
Examples labeled as operator classified by model as tenant: 1 times
Examples labeled as opponent classified by model as opponent: 26 times
Examples labeled as opponent classified by model as parent: 1 times
Examples labeled as opponent classified by model as spouse: 1 times
Examples labeled as opponent classified by model as successor: 2 times
Examples labeled as order classified by model as commander: 1 times
Examples labeled as order classified by model as family: 12 times
Examples labeled as order classified by model as genus: 1 times
Examples labeled as order classified by model as order: 1425 times
Examples labeled as order classified by model as phylum: 6 times
Examples labeled as owner classified by model as author: 4 times
Examples labeled as owner classified by model as channel: 12 times
Examples labeled as owner classified by model as club: 1 times
Examples labeled as owner classified by model as commandStructure: 1 times
Examples labeled as owner classified by model as ground: 4 times
Examples labeled as owner classified by model as headquarter: 1 times
Examples labeled as owner classified by model as league: 3 times
Examples labeled as owner classified by model as location: 2 times
Examples labeled as owner classified by model as manufacturer: 1 times
Examples labeled as owner classified by model as operator: 3 times
Examples labeled as owner classified by model as owner: 52 times
Examples labeled as owner classified by model as owningOrganisation: 3 times
Examples labeled as owner classified by model as parentCompany: 1 times
Examples labeled as owner classified by model as position: 1 times
Examples labeled as owner classified by model as product: 1 times
Examples labeled as owner classified by model as routeEnd: 1 times
Examples labeled as owner classified by model as tenant: 2 times
Examples labeled as owner classified by model as type: 1 times
Examples labeled as owningOrganisation classified by model as birthPlace: 1 times
Examples labeled as owningOrganisation classified by model as channel: 1 times
Examples labeled as owningOrganisation classified by model as country: 1 times
Examples labeled as owningOrganisation classified by model as currentMember: 2 times
Examples labeled as owningOrganisation classified by model as genre: 1 times
Examples labeled as owningOrganisation classified by model as knownFor: 2 times
Examples labeled as owningOrganisation classified by model as notableWork: 2 times
Examples labeled as owningOrganisation classified by model as operator: 22 times
Examples labeled as owningOrganisation classified by model as owner: 10 times
Examples labeled as owningOrganisation classified by model as owningOrganisation: 301 times
Examples labeled as owningOrganisation classified by model as recordLabel: 46 times
Examples labeled as owningOrganisation classified by model as relative: 1 times
Examples labeled as owningOrganisation classified by model as routeEnd: 7 times
Examples labeled as owningOrganisation classified by model as spouse: 6 times
Examples labeled as owningOrganisation classified by model as subsequentWork: 1 times
Examples labeled as parent classified by model as author: 1 times
Examples labeled as parent classified by model as battle: 1 times
Examples labeled as parent classified by model as birthPlace: 1 times
Examples labeled as parent classified by model as child: 7 times
Examples labeled as parent classified by model as commander: 2 times
Examples labeled as parent classified by model as currentMember: 1 times
Examples labeled as parent classified by model as deathPlace: 1 times
Examples labeled as parent classified by model as keyPerson: 1 times
Examples labeled as parent classified by model as knownFor: 1 times
Examples labeled as parent classified by model as leaderName: 1 times
Examples labeled as parent classified by model as occupation: 1 times
Examples labeled as parent classified by model as opponent: 7 times
Examples labeled as parent classified by model as parent: 455 times
Examples labeled as parent classified by model as predecessor: 47 times
Examples labeled as parent classified by model as relative: 100 times
Examples labeled as parent classified by model as spouse: 93 times
Examples labeled as parent classified by model as successor: 65 times
Examples labeled as parentCompany classified by model as author: 1 times
Examples labeled as parentCompany classified by model as channel: 2 times
Examples labeled as parentCompany classified by model as developer: 2 times
Examples labeled as parentCompany classified by model as division: 3 times
Examples labeled as parentCompany classified by model as headquarter: 3 times
Examples labeled as parentCompany classified by model as hubAirport: 1 times
Examples labeled as parentCompany classified by model as keyPerson: 2 times
Examples labeled as parentCompany classified by model as location: 3 times
Examples labeled as parentCompany classified by model as manufacturer: 11 times
Examples labeled as parentCompany classified by model as owner: 9 times
Examples labeled as parentCompany classified by model as owningOrganisation: 1 times
Examples labeled as parentCompany classified by model as parentCompany: 113 times
Examples labeled as parentCompany classified by model as predecessor: 1 times
Examples labeled as parentCompany classified by model as product: 11 times
Examples labeled as parentCompany classified by model as recordLabel: 1 times
Examples labeled as parentCompany classified by model as successor: 1 times
Examples labeled as party classified by model as award: 1 times
Examples labeled as party classified by model as commander: 1 times
Examples labeled as party classified by model as country: 3 times
Examples labeled as party classified by model as ideology: 1 times
Examples labeled as party classified by model as leaderName: 3 times
Examples labeled as party classified by model as party: 429 times
Examples labeled as party classified by model as predecessor: 1 times
Examples labeled as party classified by model as relative: 2 times
Examples labeled as party classified by model as successor: 6 times
Examples labeled as party classified by model as vicePresident: 1 times
Examples labeled as pastMember classified by model as currentMember: 22 times
Examples labeled as pastMember classified by model as pastMember: 1 times
Examples labeled as phylum classified by model as family: 2 times
Examples labeled as phylum classified by model as order: 8 times
Examples labeled as phylum classified by model as phylum: 85 times
Examples labeled as place classified by model as battle: 1 times
Examples labeled as place classified by model as birthPlace: 1 times
Examples labeled as place classified by model as capital: 1 times
Examples labeled as place classified by model as commander: 31 times
Examples labeled as place classified by model as country: 26 times
Examples labeled as place classified by model as deathPlace: 2 times
Examples labeled as place classified by model as isPartOfMilitaryConflict: 1 times
Examples labeled as place classified by model as location: 3 times
Examples labeled as place classified by model as place: 255 times
Examples labeled as place classified by model as populationPlace: 1 times
Examples labeled as populationPlace classified by model as capital: 2 times
Examples labeled as populationPlace classified by model as country: 27 times
Examples labeled as populationPlace classified by model as knownFor: 1 times
Examples labeled as populationPlace classified by model as language: 1 times
Examples labeled as populationPlace classified by model as largestCity: 1 times
Examples labeled as populationPlace classified by model as place: 2 times
Examples labeled as populationPlace classified by model as populationPlace: 211 times
Examples labeled as populationPlace classified by model as region: 3 times
Examples labeled as populationPlace classified by model as related: 2 times
Examples labeled as populationPlace classified by model as relative: 1 times
Examples labeled as position classified by model as league: 15 times
Examples labeled as position classified by model as position: 208 times
Examples labeled as position classified by model as team: 1 times
Examples labeled as predecessor classified by model as battle: 1 times
Examples labeled as predecessor classified by model as birthPlace: 1 times
Examples labeled as predecessor classified by model as commander: 3 times
Examples labeled as predecessor classified by model as country: 2 times
Examples labeled as predecessor classified by model as deathPlace: 1 times
Examples labeled as predecessor classified by model as developer: 1 times
Examples labeled as predecessor classified by model as knownFor: 1 times
Examples labeled as predecessor classified by model as leaderName: 1 times
Examples labeled as predecessor classified by model as location: 1 times
Examples labeled as predecessor classified by model as manufacturer: 2 times
Examples labeled as predecessor classified by model as operatingSystem: 1 times
Examples labeled as predecessor classified by model as opponent: 1 times
Examples labeled as predecessor classified by model as owner: 6 times
Examples labeled as predecessor classified by model as parent: 77 times
Examples labeled as predecessor classified by model as parentCompany: 1 times
Examples labeled as predecessor classified by model as party: 8 times
Examples labeled as predecessor classified by model as predecessor: 142 times
Examples labeled as predecessor classified by model as product: 9 times
Examples labeled as predecessor classified by model as relative: 3 times
Examples labeled as predecessor classified by model as routeEnd: 2 times
Examples labeled as predecessor classified by model as routeStart: 1 times
Examples labeled as predecessor classified by model as spouse: 1 times
Examples labeled as predecessor classified by model as successor: 51 times
Examples labeled as predecessor classified by model as vicePresident: 1 times
Examples labeled as previousWork classified by model as album: 4 times
Examples labeled as previousWork classified by model as author: 5 times
Examples labeled as previousWork classified by model as basedOn: 1 times
Examples labeled as previousWork classified by model as developer: 1 times
Examples labeled as previousWork classified by model as largestCity: 1 times
Examples labeled as previousWork classified by model as musicalArtist: 1 times
Examples labeled as previousWork classified by model as previousWork: 59 times
Examples labeled as previousWork classified by model as recordLabel: 2 times
Examples labeled as previousWork classified by model as related: 1 times
Examples labeled as previousWork classified by model as subsequentWork: 10 times
Examples labeled as previousWork classified by model as writer: 1 times
Examples labeled as producer classified by model as artist: 27 times
Examples labeled as producer classified by model as author: 2 times
Examples labeled as producer classified by model as composer: 3 times
Examples labeled as producer classified by model as currentMember: 1 times
Examples labeled as producer classified by model as director: 13 times
Examples labeled as producer classified by model as musicalArtist: 9 times
Examples labeled as producer classified by model as musicalBand: 1 times
Examples labeled as producer classified by model as producer: 3 times
Examples labeled as producer classified by model as starring: 2 times
Examples labeled as producer classified by model as writer: 7 times
Examples labeled as product classified by model as developer: 2 times
Examples labeled as product classified by model as notableWork: 1 times
Examples labeled as product classified by model as product: 199 times
Examples labeled as product classified by model as starring: 1 times
Examples labeled as product classified by model as successor: 1 times
Examples labeled as product classified by model as type: 1 times
Examples labeled as publisher classified by model as author: 8 times
Examples labeled as publisher classified by model as basedOn: 1 times
Examples labeled as publisher classified by model as channel: 1 times
Examples labeled as publisher classified by model as country: 1 times
Examples labeled as publisher classified by model as developer: 7 times
Examples labeled as publisher classified by model as distributor: 1 times
Examples labeled as publisher classified by model as keyPerson: 1 times
Examples labeled as publisher classified by model as manufacturer: 4 times
Examples labeled as publisher classified by model as product: 1 times
Examples labeled as publisher classified by model as publisher: 121 times
Examples labeled as publisher classified by model as successor: 1 times
Examples labeled as publisher classified by model as type: 1 times
Examples labeled as recordLabel classified by model as artist: 4 times
Examples labeled as recordLabel classified by model as composer: 1 times
Examples labeled as recordLabel classified by model as currentMember: 11 times
Examples labeled as recordLabel classified by model as director: 1 times
Examples labeled as recordLabel classified by model as genre: 1 times
Examples labeled as recordLabel classified by model as knownFor: 1 times
Examples labeled as recordLabel classified by model as musicalArtist: 1 times
Examples labeled as recordLabel classified by model as owningOrganisation: 7 times
Examples labeled as recordLabel classified by model as producer: 1 times
Examples labeled as recordLabel classified by model as recordLabel: 121 times
Examples labeled as recordLabel classified by model as recordedIn: 1 times
Examples labeled as recordLabel classified by model as subsequentWork: 1 times
Examples labeled as recordLabel classified by model as writer: 1 times
Examples labeled as recordedIn classified by model as channel: 1 times
Examples labeled as recordedIn classified by model as city: 1 times
Examples labeled as recordedIn classified by model as country: 1 times
Examples labeled as recordedIn classified by model as previousWork: 1 times
Examples labeled as recordedIn classified by model as recordedIn: 38 times
Examples labeled as recordedIn classified by model as subsequentWork: 1 times
Examples labeled as region classified by model as birthPlace: 1 times
Examples labeled as region classified by model as capital: 4 times
Examples labeled as region classified by model as city: 2 times
Examples labeled as region classified by model as country: 35 times
Examples labeled as region classified by model as deathPlace: 1 times
Examples labeled as region classified by model as department: 8 times
Examples labeled as region classified by model as headquarter: 1 times
Examples labeled as region classified by model as influenced: 1 times
Examples labeled as region classified by model as largestCity: 1 times
Examples labeled as region classified by model as locatedInArea: 30 times
Examples labeled as region classified by model as location: 12 times
Examples labeled as region classified by model as officialLanguage: 2 times
Examples labeled as region classified by model as order: 1 times
Examples labeled as region classified by model as party: 1 times
Examples labeled as region classified by model as region: 363 times
Examples labeled as region classified by model as restingPlace: 2 times
Examples labeled as region classified by model as routeEnd: 1 times
Examples labeled as region classified by model as sourceMountain: 2 times
Examples labeled as region classified by model as sourcePlace: 18 times
Examples labeled as regionServed classified by model as country: 20 times
Examples labeled as regionServed classified by model as department: 1 times
Examples labeled as regionServed classified by model as headquarter: 3 times
Examples labeled as regionServed classified by model as location: 84 times
Examples labeled as regionServed classified by model as product: 2 times
Examples labeled as regionServed classified by model as regionServed: 4 times
Examples labeled as regionServed classified by model as routeEnd: 6 times
Examples labeled as related classified by model as channel: 3 times
Examples labeled as related classified by model as country: 1 times
Examples labeled as related classified by model as influenced: 1 times
Examples labeled as related classified by model as influencedBy: 1 times
Examples labeled as related classified by model as instrument: 3 times
Examples labeled as related classified by model as knownFor: 1 times
Examples labeled as related classified by model as leaderName: 1 times
Examples labeled as related classified by model as location: 1 times
Examples labeled as related classified by model as officialLanguage: 1 times
Examples labeled as related classified by model as order: 1 times
Examples labeled as related classified by model as parentCompany: 1 times
Examples labeled as related classified by model as populationPlace: 5 times
Examples labeled as related classified by model as previousWork: 1 times
Examples labeled as related classified by model as product: 1 times
Examples labeled as related classified by model as related: 372 times
Examples labeled as related classified by model as religion: 1 times
Examples labeled as related classified by model as spouse: 2 times
Examples labeled as related classified by model as starring: 1 times
Examples labeled as related classified by model as subsequentWork: 2 times
Examples labeled as related classified by model as successor: 1 times
Examples labeled as relative classified by model as birthPlace: 1 times
Examples labeled as relative classified by model as child: 12 times
Examples labeled as relative classified by model as commander: 1 times
Examples labeled as relative classified by model as country: 2 times
Examples labeled as relative classified by model as currentMember: 4 times
Examples labeled as relative classified by model as director: 4 times
Examples labeled as relative classified by model as instrument: 1 times
Examples labeled as relative classified by model as keyPerson: 2 times
Examples labeled as relative classified by model as knownFor: 2 times
Examples labeled as relative classified by model as notableWork: 2 times
Examples labeled as relative classified by model as occupation: 3 times
Examples labeled as relative classified by model as opponent: 7 times
Examples labeled as relative classified by model as parent: 26 times
Examples labeled as relative classified by model as predecessor: 4 times
Examples labeled as relative classified by model as relative: 514 times
Examples labeled as relative classified by model as spouse: 37 times
Examples labeled as relative classified by model as successor: 8 times
Examples labeled as religion classified by model as author: 1 times
Examples labeled as religion classified by model as country: 1 times
Examples labeled as religion classified by model as deathPlace: 2 times
Examples labeled as religion classified by model as ideology: 1 times
Examples labeled as religion classified by model as influenced: 2 times
Examples labeled as religion classified by model as knownFor: 1 times
Examples labeled as religion classified by model as party: 1 times
Examples labeled as religion classified by model as related: 1 times
Examples labeled as religion classified by model as religion: 92 times
Examples labeled as residence classified by model as author: 1 times
Examples labeled as residence classified by model as birthPlace: 28 times
Examples labeled as residence classified by model as city: 1 times
Examples labeled as residence classified by model as commander: 2 times
Examples labeled as residence classified by model as country: 20 times
Examples labeled as residence classified by model as deathPlace: 4 times
Examples labeled as residence classified by model as headquarter: 2 times
Examples labeled as residence classified by model as location: 1 times
Examples labeled as residence classified by model as nationality: 8 times
Examples labeled as residence classified by model as notableWork: 1 times
Examples labeled as residence classified by model as place: 1 times
Examples labeled as residence classified by model as region: 1 times
Examples labeled as residence classified by model as residence: 2 times
Examples labeled as residence classified by model as vicePresident: 1 times
Examples labeled as restingPlace classified by model as birthPlace: 1 times
Examples labeled as restingPlace classified by model as country: 3 times
Examples labeled as restingPlace classified by model as deathPlace: 2 times
Examples labeled as restingPlace classified by model as parent: 1 times
Examples labeled as restingPlace classified by model as restingPlace: 2 times
Examples labeled as restingPlace classified by model as spouse: 2 times
Examples labeled as restingPlace classified by model as successor: 3 times
Examples labeled as routeEnd classified by model as city: 4 times
Examples labeled as routeEnd classified by model as location: 2 times
Examples labeled as routeEnd classified by model as routeEnd: 103 times
Examples labeled as routeEnd classified by model as routeStart: 1 times
Examples labeled as routeStart classified by model as capital: 1 times
Examples labeled as routeStart classified by model as city: 5 times
Examples labeled as routeStart classified by model as locatedInArea: 2 times
Examples labeled as routeStart classified by model as location: 5 times
Examples labeled as routeStart classified by model as owner: 35 times
Examples labeled as routeStart classified by model as routeEnd: 191 times
Examples labeled as routeStart classified by model as routeStart: 29 times
Examples labeled as sourceMountain classified by model as region: 1 times
Examples labeled as sourcePlace classified by model as locatedInArea: 2 times
Examples labeled as sourcePlace classified by model as region: 1 times
Examples labeled as sourcePlace classified by model as sourceMountain: 18 times
Examples labeled as sourcePlace classified by model as sourcePlace: 4 times
Examples labeled as spouse classified by model as author: 1 times
Examples labeled as spouse classified by model as child: 8 times
Examples labeled as spouse classified by model as country: 1 times
Examples labeled as spouse classified by model as currentMember: 4 times
Examples labeled as spouse classified by model as field: 1 times
Examples labeled as spouse classified by model as influencedBy: 1 times
Examples labeled as spouse classified by model as keyPerson: 1 times
Examples labeled as spouse classified by model as knownFor: 1 times
Examples labeled as spouse classified by model as notableWork: 1 times
Examples labeled as spouse classified by model as opponent: 2 times
Examples labeled as spouse classified by model as parent: 76 times
Examples labeled as spouse classified by model as party: 1 times
Examples labeled as spouse classified by model as predecessor: 7 times
Examples labeled as spouse classified by model as relative: 89 times
Examples labeled as spouse classified by model as restingPlace: 1 times
Examples labeled as spouse classified by model as spouse: 678 times
Examples labeled as spouse classified by model as successor: 60 times
Examples labeled as spouse classified by model as vicePresident: 1 times
Examples labeled as starring classified by model as author: 1 times
Examples labeled as starring classified by model as basedOn: 1 times
Examples labeled as starring classified by model as channel: 1 times
Examples labeled as starring classified by model as director: 5 times
Examples labeled as starring classified by model as influenced: 1 times
Examples labeled as starring classified by model as spouse: 3 times
Examples labeled as starring classified by model as starring: 922 times
Examples labeled as starring classified by model as writer: 4 times
Examples labeled as subsequentWork classified by model as album: 2 times
Examples labeled as subsequentWork classified by model as author: 1 times
Examples labeled as subsequentWork classified by model as director: 1 times
Examples labeled as subsequentWork classified by model as notableWork: 1 times
Examples labeled as subsequentWork classified by model as previousWork: 4 times
Examples labeled as subsequentWork classified by model as producer: 1 times
Examples labeled as subsequentWork classified by model as recordLabel: 1 times
Examples labeled as subsequentWork classified by model as subsequentWork: 61 times
Examples labeled as successor classified by model as author: 1 times
Examples labeled as successor classified by model as birthPlace: 1 times
Examples labeled as successor classified by model as child: 4 times
Examples labeled as successor classified by model as commander: 4 times
Examples labeled as successor classified by model as country: 2 times
Examples labeled as successor classified by model as developer: 1 times
Examples labeled as successor classified by model as headquarter: 1 times
Examples labeled as successor classified by model as leaderName: 6 times
Examples labeled as successor classified by model as manufacturer: 1 times
Examples labeled as successor classified by model as operator: 2 times
Examples labeled as successor classified by model as opponent: 2 times
Examples labeled as successor classified by model as owner: 4 times
Examples labeled as successor classified by model as parent: 16 times
Examples labeled as successor classified by model as parentCompany: 3 times
Examples labeled as successor classified by model as party: 4 times
Examples labeled as successor classified by model as predecessor: 12 times
Examples labeled as successor classified by model as product: 1 times
Examples labeled as successor classified by model as publisher: 3 times
Examples labeled as successor classified by model as relative: 3 times
Examples labeled as successor classified by model as spouse: 2 times
Examples labeled as successor classified by model as successor: 275 times
Examples labeled as successor classified by model as type: 1 times
Examples labeled as team classified by model as author: 1 times
Examples labeled as team classified by model as club: 309 times
Examples labeled as team classified by model as country: 1 times
Examples labeled as team classified by model as director: 1 times
Examples labeled as team classified by model as league: 9 times
Examples labeled as team classified by model as location: 1 times
Examples labeled as team classified by model as managerClub: 26 times
Examples labeled as team classified by model as nationalTeam: 86 times
Examples labeled as team classified by model as operator: 12 times
Examples labeled as team classified by model as position: 11 times
Examples labeled as team classified by model as team: 678 times
Examples labeled as team classified by model as tenant: 37 times
Examples labeled as tenant classified by model as club: 4 times
Examples labeled as tenant classified by model as country: 3 times
Examples labeled as tenant classified by model as ground: 1 times
Examples labeled as tenant classified by model as location: 1 times
Examples labeled as tenant classified by model as nationalTeam: 1 times
Examples labeled as tenant classified by model as operator: 6 times
Examples labeled as tenant classified by model as owner: 1 times
Examples labeled as tenant classified by model as party: 1 times
Examples labeled as tenant classified by model as team: 1 times
Examples labeled as tenant classified by model as tenant: 82 times
Examples labeled as type classified by model as artist: 4 times
Examples labeled as type classified by model as capital: 1 times
Examples labeled as type classified by model as channel: 1 times
Examples labeled as type classified by model as commandStructure: 6 times
Examples labeled as type classified by model as country: 11 times
Examples labeled as type classified by model as department: 1 times
Examples labeled as type classified by model as family: 1 times
Examples labeled as type classified by model as garrison: 2 times
Examples labeled as type classified by model as genre: 8 times
Examples labeled as type classified by model as knownFor: 1 times
Examples labeled as type classified by model as largestCity: 2 times
Examples labeled as type classified by model as leaderName: 1 times
Examples labeled as type classified by model as locatedInArea: 4 times
Examples labeled as type classified by model as location: 1 times
Examples labeled as type classified by model as musicalArtist: 2 times
Examples labeled as type classified by model as occupation: 1 times
Examples labeled as type classified by model as operatingSystem: 1 times
Examples labeled as type classified by model as order: 2 times
Examples labeled as type classified by model as parentCompany: 1 times
Examples labeled as type classified by model as party: 7 times
Examples labeled as type classified by model as predecessor: 1 times
Examples labeled as type classified by model as product: 9 times
Examples labeled as type classified by model as region: 1 times
Examples labeled as type classified by model as religion: 5 times
Examples labeled as type classified by model as routeEnd: 8 times
Examples labeled as type classified by model as successor: 1 times
Examples labeled as type classified by model as type: 110 times
Examples labeled as vicePresident classified by model as capital: 1 times
Examples labeled as vicePresident classified by model as party: 2 times
Examples labeled as vicePresident classified by model as predecessor: 1 times
Examples labeled as vicePresident classified by model as relative: 1 times
Examples labeled as vicePresident classified by model as successor: 8 times
Examples labeled as vicePresident classified by model as vicePresident: 8 times
Examples labeled as writer classified by model as artist: 2 times
Examples labeled as writer classified by model as author: 4 times
Examples labeled as writer classified by model as composer: 5 times
Examples labeled as writer classified by model as director: 14 times
Examples labeled as writer classified by model as musicalArtist: 2 times
Examples labeled as writer classified by model as notableWork: 1 times
Examples labeled as writer classified by model as starring: 4 times
Examples labeled as writer classified by model as writer: 11 times
Examples labeled as youthClub classified by model as club: 4 times
Examples labeled as youthClub classified by model as managerClub: 1 times
Examples labeled as youthClub classified by model as youthClub: 2 times

Warning: class creativeDirector was never predicted by the model. This class was excluded from the average precision

==========================Scores========================================
 Accuracy:        0.8211
 Precision:       0.7243
 Recall:          0.6704
 F1 Score:        0.6963
========================================================================